1719308887121|9|statement|select * from information_schema.sequences
1719308887153|8|statement|create table adresse (adresse_id bigserial not null, code_postal integer not null, complement_adresse varchar(255), ville varchar(255), primary key (adresse_id))
1719308887159|4|statement|create table ecole (ecole_id bigserial not null, domaine_ecole varchar(50) not null, nom_ecole varchar(50) not null, adresse_id bigint, primary key (ecole_id))
1719308887164|3|statement|create table etudiant (etudiant_id bigserial not null, nom varchar(50) not null, prenom varchar(50) not null, ecole_id bigint, primary key (etudiant_id))
1719308887166|1|statement|create table etudiant_projet (projet_id bigint not null, etudiant_id bigint not null)
1719308887169|2|statement|create table projet (projet_id bigserial not null, nom_projet varchar(255), primary key (projet_id))
1719308887172|2|statement|alter table if exists ecole drop constraint if exists UK_1gdq2wbxry0ag0jo42plogwfh
1719308887175|2|statement|alter table if exists ecole add constraint UK_1gdq2wbxry0ag0jo42plogwfh unique (adresse_id)
1719308887180|4|statement|alter table if exists ecole add constraint FK9ifsc3vh952adidu8vjqv5qx3 foreign key (adresse_id) references adresse
1719308887183|1|statement|alter table if exists etudiant add constraint FKmvneq4dvp0lioe8nmuieuw44j foreign key (ecole_id) references ecole
1719308887185|1|statement|alter table if exists etudiant_projet add constraint FKm8flcm377tl2u6v4xaaworkse foreign key (etudiant_id) references etudiant
1719308887187|1|statement|alter table if exists etudiant_projet add constraint FK8cft2abbt0kpxr35e3f706w81 foreign key (projet_id) references projet
1719308916931|8|statement|select * from information_schema.sequences
1719308916977|0|statement|select * from "public"."adresse" where 1=0
1719308916994|1|statement|select * from "public"."ecole" where 1=0
1719308917008|0|statement|select * from "public"."etudiant" where 1=0
1719308917013|0|statement|select * from "public"."projet" where 1=0
1719308993229|2|statement|select e1_0.ecole_id,e1_0.adresse_id,e1_0.domaine_ecole,e1_0.nom_ecole from ecole e1_0
1719308993236|1|commit|
1719315878323|11|statement|select * from information_schema.sequences
1719315878366|0|statement|select * from "public"."adresse" where 1=0
1719315878379|1|statement|select * from "public"."ecole" where 1=0
1719315878390|0|statement|select * from "public"."etudiant" where 1=0
1719315878393|0|statement|select * from "public"."projet" where 1=0
1719316140069|3|statement|insert into adresse (code_postal,complement_adresse,ville) values (0,'string','string')
1719316140084|1|statement|insert into ecole (adresse_id,domaine_ecole,nom_ecole) values (1,'string','premier')
1719316140086|0|statement|insert into etudiant (ecole_id,nom,prenom) values (1,'string','string')
1719316140087|0|statement|insert into projet (nom_projet) values ('string')
1719316140101|0|statement|insert into etudiant_projet (etudiant_id,projet_id) values (1,1)
1719316140104|2|commit|
1719316142400|0|statement|insert into adresse (code_postal,complement_adresse,ville) values (0,'string','string')
1719316142402|0|statement|insert into ecole (adresse_id,domaine_ecole,nom_ecole) values (2,'string','premier')
1719316142403|0|statement|insert into etudiant (ecole_id,nom,prenom) values (2,'string','string')
1719316142404|0|statement|insert into projet (nom_projet) values ('string')
1719316142407|0|statement|insert into etudiant_projet (etudiant_id,projet_id) values (2,2)
1719316142408|0|commit|
1719316143252|0|statement|insert into adresse (code_postal,complement_adresse,ville) values (0,'string','string')
1719316143254|0|statement|insert into ecole (adresse_id,domaine_ecole,nom_ecole) values (3,'string','premier')
1719316143255|0|statement|insert into etudiant (ecole_id,nom,prenom) values (3,'string','string')
1719316143256|0|statement|insert into projet (nom_projet) values ('string')
1719316143258|0|statement|insert into etudiant_projet (etudiant_id,projet_id) values (3,3)
1719316143258|0|commit|
1719316144009|0|statement|insert into adresse (code_postal,complement_adresse,ville) values (0,'string','string')
1719316144010|0|statement|insert into ecole (adresse_id,domaine_ecole,nom_ecole) values (4,'string','premier')
1719316144011|0|statement|insert into etudiant (ecole_id,nom,prenom) values (4,'string','string')
1719316144012|0|statement|insert into projet (nom_projet) values ('string')
1719316144013|0|statement|insert into etudiant_projet (etudiant_id,projet_id) values (4,4)
1719316144013|0|commit|
1719316144720|0|statement|insert into adresse (code_postal,complement_adresse,ville) values (0,'string','string')
1719316144722|1|statement|insert into ecole (adresse_id,domaine_ecole,nom_ecole) values (5,'string','premier')
1719316144723|0|statement|insert into etudiant (ecole_id,nom,prenom) values (5,'string','string')
1719316144724|0|statement|insert into projet (nom_projet) values ('string')
1719316144725|0|statement|insert into etudiant_projet (etudiant_id,projet_id) values (5,5)
1719316144726|0|commit|
1719316145325|0|statement|insert into adresse (code_postal,complement_adresse,ville) values (0,'string','string')
1719316145326|0|statement|insert into ecole (adresse_id,domaine_ecole,nom_ecole) values (6,'string','premier')
1719316145327|0|statement|insert into etudiant (ecole_id,nom,prenom) values (6,'string','string')
1719316145328|0|statement|insert into projet (nom_projet) values ('string')
1719316145330|0|statement|insert into etudiant_projet (etudiant_id,projet_id) values (6,6)
1719316145331|0|commit|
1719316145990|1|statement|insert into adresse (code_postal,complement_adresse,ville) values (0,'string','string')
1719316145991|0|statement|insert into ecole (adresse_id,domaine_ecole,nom_ecole) values (7,'string','premier')
1719316145992|0|statement|insert into etudiant (ecole_id,nom,prenom) values (7,'string','string')
1719316145993|0|statement|insert into projet (nom_projet) values ('string')
1719316145994|0|statement|insert into etudiant_projet (etudiant_id,projet_id) values (7,7)
1719316145995|0|commit|
1719316146650|0|statement|insert into adresse (code_postal,complement_adresse,ville) values (0,'string','string')
1719316146651|0|statement|insert into ecole (adresse_id,domaine_ecole,nom_ecole) values (8,'string','premier')
1719316146653|0|statement|insert into etudiant (ecole_id,nom,prenom) values (8,'string','string')
1719316146653|0|statement|insert into projet (nom_projet) values ('string')
1719316146654|0|statement|insert into etudiant_projet (etudiant_id,projet_id) values (8,8)
1719316146655|0|commit|
1719316147268|0|statement|insert into adresse (code_postal,complement_adresse,ville) values (0,'string','string')
1719316147270|0|statement|insert into ecole (adresse_id,domaine_ecole,nom_ecole) values (9,'string','premier')
1719316147271|0|statement|insert into etudiant (ecole_id,nom,prenom) values (9,'string','string')
1719316147272|0|statement|insert into projet (nom_projet) values ('string')
1719316147273|0|statement|insert into etudiant_projet (etudiant_id,projet_id) values (9,9)
1719316147274|0|commit|
1719316147892|0|statement|insert into adresse (code_postal,complement_adresse,ville) values (0,'string','string')
1719316147893|0|statement|insert into ecole (adresse_id,domaine_ecole,nom_ecole) values (10,'string','premier')
1719316147893|0|statement|insert into etudiant (ecole_id,nom,prenom) values (10,'string','string')
1719316147894|0|statement|insert into projet (nom_projet) values ('string')
1719316147896|0|statement|insert into etudiant_projet (etudiant_id,projet_id) values (10,10)
1719316147897|0|commit|
1719316148559|0|statement|insert into adresse (code_postal,complement_adresse,ville) values (0,'string','string')
1719316148560|0|statement|insert into ecole (adresse_id,domaine_ecole,nom_ecole) values (11,'string','premier')
1719316148561|0|statement|insert into etudiant (ecole_id,nom,prenom) values (11,'string','string')
1719316148561|0|statement|insert into projet (nom_projet) values ('string')
1719316148562|0|statement|insert into etudiant_projet (etudiant_id,projet_id) values (11,11)
1719316148563|0|commit|
1719316149239|0|statement|insert into adresse (code_postal,complement_adresse,ville) values (0,'string','string')
1719316149240|0|statement|insert into ecole (adresse_id,domaine_ecole,nom_ecole) values (12,'string','premier')
1719316149240|0|statement|insert into etudiant (ecole_id,nom,prenom) values (12,'string','string')
1719316149241|0|statement|insert into projet (nom_projet) values ('string')
1719316149242|0|statement|insert into etudiant_projet (etudiant_id,projet_id) values (12,12)
1719316149242|0|commit|
1719316149746|0|statement|insert into adresse (code_postal,complement_adresse,ville) values (0,'string','string')
1719316149747|0|statement|insert into ecole (adresse_id,domaine_ecole,nom_ecole) values (13,'string','premier')
1719316149748|0|statement|insert into etudiant (ecole_id,nom,prenom) values (13,'string','string')
1719316149749|0|statement|insert into projet (nom_projet) values ('string')
1719316149750|0|statement|insert into etudiant_projet (etudiant_id,projet_id) values (13,13)
1719316149752|0|commit|
1719316150361|0|statement|insert into adresse (code_postal,complement_adresse,ville) values (0,'string','string')
1719316150362|0|statement|insert into ecole (adresse_id,domaine_ecole,nom_ecole) values (14,'string','premier')
1719316150362|0|statement|insert into etudiant (ecole_id,nom,prenom) values (14,'string','string')
1719316150363|0|statement|insert into projet (nom_projet) values ('string')
1719316150364|0|statement|insert into etudiant_projet (etudiant_id,projet_id) values (14,14)
1719316150365|0|commit|
1719316150963|0|statement|insert into adresse (code_postal,complement_adresse,ville) values (0,'string','string')
1719316150964|0|statement|insert into ecole (adresse_id,domaine_ecole,nom_ecole) values (15,'string','premier')
1719316150965|0|statement|insert into etudiant (ecole_id,nom,prenom) values (15,'string','string')
1719316150965|0|statement|insert into projet (nom_projet) values ('string')
1719316150967|0|statement|insert into etudiant_projet (etudiant_id,projet_id) values (15,15)
1719316150969|1|commit|
1719316151453|0|statement|insert into adresse (code_postal,complement_adresse,ville) values (0,'string','string')
1719316151455|0|statement|insert into ecole (adresse_id,domaine_ecole,nom_ecole) values (16,'string','premier')
1719316151456|0|statement|insert into etudiant (ecole_id,nom,prenom) values (16,'string','string')
1719316151456|0|statement|insert into projet (nom_projet) values ('string')
1719316151458|0|statement|insert into etudiant_projet (etudiant_id,projet_id) values (16,16)
1719316151458|0|commit|
1719316151987|0|statement|insert into adresse (code_postal,complement_adresse,ville) values (0,'string','string')
1719316151988|0|statement|insert into ecole (adresse_id,domaine_ecole,nom_ecole) values (17,'string','premier')
1719316151989|0|statement|insert into etudiant (ecole_id,nom,prenom) values (17,'string','string')
1719316151990|0|statement|insert into projet (nom_projet) values ('string')
1719316151991|0|statement|insert into etudiant_projet (etudiant_id,projet_id) values (17,17)
1719316151992|0|commit|
1719316152547|0|statement|insert into adresse (code_postal,complement_adresse,ville) values (0,'string','string')
1719316152548|0|statement|insert into ecole (adresse_id,domaine_ecole,nom_ecole) values (18,'string','premier')
1719316152549|0|statement|insert into etudiant (ecole_id,nom,prenom) values (18,'string','string')
1719316152550|0|statement|insert into projet (nom_projet) values ('string')
1719316152551|0|statement|insert into etudiant_projet (etudiant_id,projet_id) values (18,18)
1719316152552|0|commit|
1719316153163|0|statement|insert into adresse (code_postal,complement_adresse,ville) values (0,'string','string')
1719316153165|0|statement|insert into ecole (adresse_id,domaine_ecole,nom_ecole) values (19,'string','premier')
1719316153167|0|statement|insert into etudiant (ecole_id,nom,prenom) values (19,'string','string')
1719316153168|0|statement|insert into projet (nom_projet) values ('string')
1719316153169|0|statement|insert into etudiant_projet (etudiant_id,projet_id) values (19,19)
1719316153170|0|commit|
1719316153778|0|statement|insert into adresse (code_postal,complement_adresse,ville) values (0,'string','string')
1719316153778|0|statement|insert into ecole (adresse_id,domaine_ecole,nom_ecole) values (20,'string','premier')
1719316153779|0|statement|insert into etudiant (ecole_id,nom,prenom) values (20,'string','string')
1719316153780|0|statement|insert into projet (nom_projet) values ('string')
1719316153781|0|statement|insert into etudiant_projet (etudiant_id,projet_id) values (20,20)
1719316153782|0|commit|
1719316154284|0|statement|insert into adresse (code_postal,complement_adresse,ville) values (0,'string','string')
1719316154285|0|statement|insert into ecole (adresse_id,domaine_ecole,nom_ecole) values (21,'string','premier')
1719316154287|1|statement|insert into etudiant (ecole_id,nom,prenom) values (21,'string','string')
1719316154289|0|statement|insert into projet (nom_projet) values ('string')
1719316154290|0|statement|insert into etudiant_projet (etudiant_id,projet_id) values (21,21)
1719316154291|0|commit|
1719316154914|0|statement|insert into adresse (code_postal,complement_adresse,ville) values (0,'string','string')
1719316154915|0|statement|insert into ecole (adresse_id,domaine_ecole,nom_ecole) values (22,'string','premier')
1719316154916|0|statement|insert into etudiant (ecole_id,nom,prenom) values (22,'string','string')
1719316154917|0|statement|insert into projet (nom_projet) values ('string')
1719316154919|0|statement|insert into etudiant_projet (etudiant_id,projet_id) values (22,22)
1719316154920|0|commit|
1719316155591|0|statement|insert into adresse (code_postal,complement_adresse,ville) values (0,'string','string')
1719316155592|0|statement|insert into ecole (adresse_id,domaine_ecole,nom_ecole) values (23,'string','premier')
1719316155592|0|statement|insert into etudiant (ecole_id,nom,prenom) values (23,'string','string')
1719316155593|0|statement|insert into projet (nom_projet) values ('string')
1719316155594|0|statement|insert into etudiant_projet (etudiant_id,projet_id) values (23,23)
1719316155594|0|commit|
1719316156247|0|statement|insert into adresse (code_postal,complement_adresse,ville) values (0,'string','string')
1719316156248|0|statement|insert into ecole (adresse_id,domaine_ecole,nom_ecole) values (24,'string','premier')
1719316156249|0|statement|insert into etudiant (ecole_id,nom,prenom) values (24,'string','string')
1719316156250|0|statement|insert into projet (nom_projet) values ('string')
1719316156252|0|statement|insert into etudiant_projet (etudiant_id,projet_id) values (24,24)
1719316156252|0|commit|
1719316156789|0|statement|insert into adresse (code_postal,complement_adresse,ville) values (0,'string','string')
1719316156789|0|statement|insert into ecole (adresse_id,domaine_ecole,nom_ecole) values (25,'string','premier')
1719316156790|0|statement|insert into etudiant (ecole_id,nom,prenom) values (25,'string','string')
1719316156791|0|statement|insert into projet (nom_projet) values ('string')
1719316156792|0|statement|insert into etudiant_projet (etudiant_id,projet_id) values (25,25)
1719316156793|0|commit|
1719316157317|0|statement|insert into adresse (code_postal,complement_adresse,ville) values (0,'string','string')
1719316157318|0|statement|insert into ecole (adresse_id,domaine_ecole,nom_ecole) values (26,'string','premier')
1719316157320|0|statement|insert into etudiant (ecole_id,nom,prenom) values (26,'string','string')
1719316157320|0|statement|insert into projet (nom_projet) values ('string')
1719316157323|0|statement|insert into etudiant_projet (etudiant_id,projet_id) values (26,26)
1719316157324|0|commit|
1719316157963|0|statement|insert into adresse (code_postal,complement_adresse,ville) values (0,'string','string')
1719316157965|0|statement|insert into ecole (adresse_id,domaine_ecole,nom_ecole) values (27,'string','premier')
1719316157967|0|statement|insert into etudiant (ecole_id,nom,prenom) values (27,'string','string')
1719316157969|1|statement|insert into projet (nom_projet) values ('string')
1719316157972|0|statement|insert into etudiant_projet (etudiant_id,projet_id) values (27,27)
1719316157973|0|commit|
1719316158618|0|statement|insert into adresse (code_postal,complement_adresse,ville) values (0,'string','string')
1719316158620|1|statement|insert into ecole (adresse_id,domaine_ecole,nom_ecole) values (28,'string','premier')
1719316158622|0|statement|insert into etudiant (ecole_id,nom,prenom) values (28,'string','string')
1719316158622|0|statement|insert into projet (nom_projet) values ('string')
1719316158623|0|statement|insert into etudiant_projet (etudiant_id,projet_id) values (28,28)
1719316158624|0|commit|
1719316159137|0|statement|insert into adresse (code_postal,complement_adresse,ville) values (0,'string','string')
1719316159138|0|statement|insert into ecole (adresse_id,domaine_ecole,nom_ecole) values (29,'string','premier')
1719316159139|0|statement|insert into etudiant (ecole_id,nom,prenom) values (29,'string','string')
1719316159140|0|statement|insert into projet (nom_projet) values ('string')
1719316159141|0|statement|insert into etudiant_projet (etudiant_id,projet_id) values (29,29)
1719316159142|0|commit|
1719316159637|0|statement|insert into adresse (code_postal,complement_adresse,ville) values (0,'string','string')
1719316159638|0|statement|insert into ecole (adresse_id,domaine_ecole,nom_ecole) values (30,'string','premier')
1719316159638|0|statement|insert into etudiant (ecole_id,nom,prenom) values (30,'string','string')
1719316159639|0|statement|insert into projet (nom_projet) values ('string')
1719316159640|0|statement|insert into etudiant_projet (etudiant_id,projet_id) values (30,30)
1719316159640|0|commit|
1719316160208|0|statement|insert into adresse (code_postal,complement_adresse,ville) values (0,'string','string')
1719316160209|0|statement|insert into ecole (adresse_id,domaine_ecole,nom_ecole) values (31,'string','premier')
1719316160209|0|statement|insert into etudiant (ecole_id,nom,prenom) values (31,'string','string')
1719316160210|0|statement|insert into projet (nom_projet) values ('string')
1719316160211|0|statement|insert into etudiant_projet (etudiant_id,projet_id) values (31,31)
1719316160211|0|commit|
1719316160723|0|statement|insert into adresse (code_postal,complement_adresse,ville) values (0,'string','string')
1719316160724|0|statement|insert into ecole (adresse_id,domaine_ecole,nom_ecole) values (32,'string','premier')
1719316160725|0|statement|insert into etudiant (ecole_id,nom,prenom) values (32,'string','string')
1719316160726|0|statement|insert into projet (nom_projet) values ('string')
1719316160727|0|statement|insert into etudiant_projet (etudiant_id,projet_id) values (32,32)
1719316160728|0|commit|
1719316161287|0|statement|insert into adresse (code_postal,complement_adresse,ville) values (0,'string','string')
1719316161287|0|statement|insert into ecole (adresse_id,domaine_ecole,nom_ecole) values (33,'string','premier')
1719316161288|0|statement|insert into etudiant (ecole_id,nom,prenom) values (33,'string','string')
1719316161289|0|statement|insert into projet (nom_projet) values ('string')
1719316161290|0|statement|insert into etudiant_projet (etudiant_id,projet_id) values (33,33)
1719316161290|0|commit|
1719316161794|0|statement|insert into adresse (code_postal,complement_adresse,ville) values (0,'string','string')
1719316161795|0|statement|insert into ecole (adresse_id,domaine_ecole,nom_ecole) values (34,'string','premier')
1719316161797|0|statement|insert into etudiant (ecole_id,nom,prenom) values (34,'string','string')
1719316161797|0|statement|insert into projet (nom_projet) values ('string')
1719316161798|0|statement|insert into etudiant_projet (etudiant_id,projet_id) values (34,34)
1719316161799|0|commit|
1719316162296|0|statement|insert into adresse (code_postal,complement_adresse,ville) values (0,'string','string')
1719316162297|0|statement|insert into ecole (adresse_id,domaine_ecole,nom_ecole) values (35,'string','premier')
1719316162297|0|statement|insert into etudiant (ecole_id,nom,prenom) values (35,'string','string')
1719316162298|0|statement|insert into projet (nom_projet) values ('string')
1719316162299|0|statement|insert into etudiant_projet (etudiant_id,projet_id) values (35,35)
1719316162300|0|commit|
1719316162843|0|statement|insert into adresse (code_postal,complement_adresse,ville) values (0,'string','string')
1719316162844|0|statement|insert into ecole (adresse_id,domaine_ecole,nom_ecole) values (36,'string','premier')
1719316162844|0|statement|insert into etudiant (ecole_id,nom,prenom) values (36,'string','string')
1719316162845|0|statement|insert into projet (nom_projet) values ('string')
1719316162846|0|statement|insert into etudiant_projet (etudiant_id,projet_id) values (36,36)
1719316162846|0|commit|
1719316163361|0|statement|insert into adresse (code_postal,complement_adresse,ville) values (0,'string','string')
1719316163362|0|statement|insert into ecole (adresse_id,domaine_ecole,nom_ecole) values (37,'string','premier')
1719316163363|0|statement|insert into etudiant (ecole_id,nom,prenom) values (37,'string','string')
1719316163364|0|statement|insert into projet (nom_projet) values ('string')
1719316163365|0|statement|insert into etudiant_projet (etudiant_id,projet_id) values (37,37)
1719316163366|0|commit|
1719316163900|0|statement|insert into adresse (code_postal,complement_adresse,ville) values (0,'string','string')
1719316163900|0|statement|insert into ecole (adresse_id,domaine_ecole,nom_ecole) values (38,'string','premier')
1719316163902|0|statement|insert into etudiant (ecole_id,nom,prenom) values (38,'string','string')
1719316163903|0|statement|insert into projet (nom_projet) values ('string')
1719316163904|0|statement|insert into etudiant_projet (etudiant_id,projet_id) values (38,38)
1719316163905|0|commit|
1719316164374|0|statement|insert into adresse (code_postal,complement_adresse,ville) values (0,'string','string')
1719316164375|0|statement|insert into ecole (adresse_id,domaine_ecole,nom_ecole) values (39,'string','premier')
1719316164376|0|statement|insert into etudiant (ecole_id,nom,prenom) values (39,'string','string')
1719316164376|0|statement|insert into projet (nom_projet) values ('string')
1719316164377|0|statement|insert into etudiant_projet (etudiant_id,projet_id) values (39,39)
1719316164377|0|commit|
1719316164936|0|statement|insert into adresse (code_postal,complement_adresse,ville) values (0,'string','string')
1719316164936|0|statement|insert into ecole (adresse_id,domaine_ecole,nom_ecole) values (40,'string','premier')
1719316164938|0|statement|insert into etudiant (ecole_id,nom,prenom) values (40,'string','string')
1719316164939|0|statement|insert into projet (nom_projet) values ('string')
1719316164941|0|statement|insert into etudiant_projet (etudiant_id,projet_id) values (40,40)
1719316164942|0|commit|
1719316165407|0|statement|insert into adresse (code_postal,complement_adresse,ville) values (0,'string','string')
1719316165408|0|statement|insert into ecole (adresse_id,domaine_ecole,nom_ecole) values (41,'string','premier')
1719316165408|0|statement|insert into etudiant (ecole_id,nom,prenom) values (41,'string','string')
1719316165409|0|statement|insert into projet (nom_projet) values ('string')
1719316165409|0|statement|insert into etudiant_projet (etudiant_id,projet_id) values (41,41)
1719316165410|0|commit|
1719316165924|0|statement|insert into adresse (code_postal,complement_adresse,ville) values (0,'string','string')
1719316165925|0|statement|insert into ecole (adresse_id,domaine_ecole,nom_ecole) values (42,'string','premier')
1719316165925|0|statement|insert into etudiant (ecole_id,nom,prenom) values (42,'string','string')
1719316165926|0|statement|insert into projet (nom_projet) values ('string')
1719316165927|0|statement|insert into etudiant_projet (etudiant_id,projet_id) values (42,42)
1719316165928|0|commit|
1719316166569|0|statement|insert into adresse (code_postal,complement_adresse,ville) values (0,'string','string')
1719316166572|0|statement|insert into ecole (adresse_id,domaine_ecole,nom_ecole) values (43,'string','premier')
1719316166573|0|statement|insert into etudiant (ecole_id,nom,prenom) values (43,'string','string')
1719316166573|0|statement|insert into projet (nom_projet) values ('string')
1719316166575|0|statement|insert into etudiant_projet (etudiant_id,projet_id) values (43,43)
1719316166575|0|commit|
1719316166967|0|statement|insert into adresse (code_postal,complement_adresse,ville) values (0,'string','string')
1719316166968|0|statement|insert into ecole (adresse_id,domaine_ecole,nom_ecole) values (44,'string','premier')
1719316166970|1|statement|insert into etudiant (ecole_id,nom,prenom) values (44,'string','string')
1719316166972|0|statement|insert into projet (nom_projet) values ('string')
1719316166972|0|statement|insert into etudiant_projet (etudiant_id,projet_id) values (44,44)
1719316166973|0|commit|
1719316167422|0|statement|insert into adresse (code_postal,complement_adresse,ville) values (0,'string','string')
1719316167424|0|statement|insert into ecole (adresse_id,domaine_ecole,nom_ecole) values (45,'string','premier')
1719316167424|0|statement|insert into etudiant (ecole_id,nom,prenom) values (45,'string','string')
1719316167425|0|statement|insert into projet (nom_projet) values ('string')
1719316167425|0|statement|insert into etudiant_projet (etudiant_id,projet_id) values (45,45)
1719316167426|0|commit|
1719316167875|0|statement|insert into adresse (code_postal,complement_adresse,ville) values (0,'string','string')
1719316167876|0|statement|insert into ecole (adresse_id,domaine_ecole,nom_ecole) values (46,'string','premier')
1719316167876|0|statement|insert into etudiant (ecole_id,nom,prenom) values (46,'string','string')
1719316167877|0|statement|insert into projet (nom_projet) values ('string')
1719316167877|0|statement|insert into etudiant_projet (etudiant_id,projet_id) values (46,46)
1719316167878|0|commit|
1719316168321|0|statement|insert into adresse (code_postal,complement_adresse,ville) values (0,'string','string')
1719316168322|0|statement|insert into ecole (adresse_id,domaine_ecole,nom_ecole) values (47,'string','premier')
1719316168322|0|statement|insert into etudiant (ecole_id,nom,prenom) values (47,'string','string')
1719316168323|0|statement|insert into projet (nom_projet) values ('string')
1719316168324|0|statement|insert into etudiant_projet (etudiant_id,projet_id) values (47,47)
1719316168324|0|commit|
1719316168831|0|statement|insert into adresse (code_postal,complement_adresse,ville) values (0,'string','string')
1719316168832|0|statement|insert into ecole (adresse_id,domaine_ecole,nom_ecole) values (48,'string','premier')
1719316168833|0|statement|insert into etudiant (ecole_id,nom,prenom) values (48,'string','string')
1719316168834|0|statement|insert into projet (nom_projet) values ('string')
1719316168836|0|statement|insert into etudiant_projet (etudiant_id,projet_id) values (48,48)
1719316168837|0|commit|
1719316169274|0|statement|insert into adresse (code_postal,complement_adresse,ville) values (0,'string','string')
1719316169274|0|statement|insert into ecole (adresse_id,domaine_ecole,nom_ecole) values (49,'string','premier')
1719316169275|0|statement|insert into etudiant (ecole_id,nom,prenom) values (49,'string','string')
1719316169275|0|statement|insert into projet (nom_projet) values ('string')
1719316169276|0|statement|insert into etudiant_projet (etudiant_id,projet_id) values (49,49)
1719316169277|0|commit|
1719316169747|0|statement|insert into adresse (code_postal,complement_adresse,ville) values (0,'string','string')
1719316169748|0|statement|insert into ecole (adresse_id,domaine_ecole,nom_ecole) values (50,'string','premier')
1719316169750|0|statement|insert into etudiant (ecole_id,nom,prenom) values (50,'string','string')
1719316169752|0|statement|insert into projet (nom_projet) values ('string')
1719316169754|0|statement|insert into etudiant_projet (etudiant_id,projet_id) values (50,50)
1719316169755|0|commit|
1719316170211|0|statement|insert into adresse (code_postal,complement_adresse,ville) values (0,'string','string')
1719316170212|0|statement|insert into ecole (adresse_id,domaine_ecole,nom_ecole) values (51,'string','premier')
1719316170213|0|statement|insert into etudiant (ecole_id,nom,prenom) values (51,'string','string')
1719316170214|0|statement|insert into projet (nom_projet) values ('string')
1719316170215|0|statement|insert into etudiant_projet (etudiant_id,projet_id) values (51,51)
1719316170216|0|commit|
1719316170708|0|statement|insert into adresse (code_postal,complement_adresse,ville) values (0,'string','string')
1719316170709|0|statement|insert into ecole (adresse_id,domaine_ecole,nom_ecole) values (52,'string','premier')
1719316170709|0|statement|insert into etudiant (ecole_id,nom,prenom) values (52,'string','string')
1719316170710|0|statement|insert into projet (nom_projet) values ('string')
1719316170711|0|statement|insert into etudiant_projet (etudiant_id,projet_id) values (52,52)
1719316170712|0|commit|
1719316171203|0|statement|insert into adresse (code_postal,complement_adresse,ville) values (0,'string','string')
1719316171203|0|statement|insert into ecole (adresse_id,domaine_ecole,nom_ecole) values (53,'string','premier')
1719316171204|0|statement|insert into etudiant (ecole_id,nom,prenom) values (53,'string','string')
1719316171204|0|statement|insert into projet (nom_projet) values ('string')
1719316171205|0|statement|insert into etudiant_projet (etudiant_id,projet_id) values (53,53)
1719316171205|0|commit|
1719316171706|0|statement|insert into adresse (code_postal,complement_adresse,ville) values (0,'string','string')
1719316171707|0|statement|insert into ecole (adresse_id,domaine_ecole,nom_ecole) values (54,'string','premier')
1719316171708|0|statement|insert into etudiant (ecole_id,nom,prenom) values (54,'string','string')
1719316171708|0|statement|insert into projet (nom_projet) values ('string')
1719316171709|0|statement|insert into etudiant_projet (etudiant_id,projet_id) values (54,54)
1719316171709|0|commit|
1719316172156|0|statement|insert into adresse (code_postal,complement_adresse,ville) values (0,'string','string')
1719316172156|0|statement|insert into ecole (adresse_id,domaine_ecole,nom_ecole) values (55,'string','premier')
1719316172157|0|statement|insert into etudiant (ecole_id,nom,prenom) values (55,'string','string')
1719316172157|0|statement|insert into projet (nom_projet) values ('string')
1719316172158|0|statement|insert into etudiant_projet (etudiant_id,projet_id) values (55,55)
1719316172159|0|commit|
1719316172600|0|statement|insert into adresse (code_postal,complement_adresse,ville) values (0,'string','string')
1719316172607|0|statement|insert into ecole (adresse_id,domaine_ecole,nom_ecole) values (56,'string','premier')
1719316172628|0|statement|insert into etudiant (ecole_id,nom,prenom) values (56,'string','string')
1719316172647|0|statement|insert into projet (nom_projet) values ('string')
1719316172666|0|statement|insert into etudiant_projet (etudiant_id,projet_id) values (56,56)
1719316172667|0|commit|
1719316173081|0|statement|insert into adresse (code_postal,complement_adresse,ville) values (0,'string','string')
1719316173082|0|statement|insert into ecole (adresse_id,domaine_ecole,nom_ecole) values (57,'string','premier')
1719316173083|0|statement|insert into etudiant (ecole_id,nom,prenom) values (57,'string','string')
1719316173083|0|statement|insert into projet (nom_projet) values ('string')
1719316173084|0|statement|insert into etudiant_projet (etudiant_id,projet_id) values (57,57)
1719316173084|0|commit|
1719316173553|0|statement|insert into adresse (code_postal,complement_adresse,ville) values (0,'string','string')
1719316173554|0|statement|insert into ecole (adresse_id,domaine_ecole,nom_ecole) values (58,'string','premier')
1719316173554|0|statement|insert into etudiant (ecole_id,nom,prenom) values (58,'string','string')
1719316173555|0|statement|insert into projet (nom_projet) values ('string')
1719316173556|0|statement|insert into etudiant_projet (etudiant_id,projet_id) values (58,58)
1719316173557|0|commit|
1719316174005|0|statement|insert into adresse (code_postal,complement_adresse,ville) values (0,'string','string')
1719316174006|0|statement|insert into ecole (adresse_id,domaine_ecole,nom_ecole) values (59,'string','premier')
1719316174006|0|statement|insert into etudiant (ecole_id,nom,prenom) values (59,'string','string')
1719316174007|0|statement|insert into projet (nom_projet) values ('string')
1719316174008|0|statement|insert into etudiant_projet (etudiant_id,projet_id) values (59,59)
1719316174008|0|commit|
1719316174469|0|statement|insert into adresse (code_postal,complement_adresse,ville) values (0,'string','string')
1719316174470|0|statement|insert into ecole (adresse_id,domaine_ecole,nom_ecole) values (60,'string','premier')
1719316174470|0|statement|insert into etudiant (ecole_id,nom,prenom) values (60,'string','string')
1719316174471|0|statement|insert into projet (nom_projet) values ('string')
1719316174472|0|statement|insert into etudiant_projet (etudiant_id,projet_id) values (60,60)
1719316174472|0|commit|
1719316175012|0|statement|insert into adresse (code_postal,complement_adresse,ville) values (0,'string','string')
1719316175013|0|statement|insert into ecole (adresse_id,domaine_ecole,nom_ecole) values (61,'string','premier')
1719316175014|0|statement|insert into etudiant (ecole_id,nom,prenom) values (61,'string','string')
1719316175015|0|statement|insert into projet (nom_projet) values ('string')
1719316175016|0|statement|insert into etudiant_projet (etudiant_id,projet_id) values (61,61)
1719316175016|0|commit|
1719316175381|0|statement|insert into adresse (code_postal,complement_adresse,ville) values (0,'string','string')
1719316175382|0|statement|insert into ecole (adresse_id,domaine_ecole,nom_ecole) values (62,'string','premier')
1719316175383|0|statement|insert into etudiant (ecole_id,nom,prenom) values (62,'string','string')
1719316175385|0|statement|insert into projet (nom_projet) values ('string')
1719316175386|0|statement|insert into etudiant_projet (etudiant_id,projet_id) values (62,62)
1719316175387|0|commit|
1719316175879|0|statement|insert into adresse (code_postal,complement_adresse,ville) values (0,'string','string')
1719316175880|0|statement|insert into ecole (adresse_id,domaine_ecole,nom_ecole) values (63,'string','premier')
1719316175881|0|statement|insert into etudiant (ecole_id,nom,prenom) values (63,'string','string')
1719316175881|0|statement|insert into projet (nom_projet) values ('string')
1719316175883|0|statement|insert into etudiant_projet (etudiant_id,projet_id) values (63,63)
1719316175884|0|commit|
1719316176346|0|statement|insert into adresse (code_postal,complement_adresse,ville) values (0,'string','string')
1719316176347|0|statement|insert into ecole (adresse_id,domaine_ecole,nom_ecole) values (64,'string','premier')
1719316176348|0|statement|insert into etudiant (ecole_id,nom,prenom) values (64,'string','string')
1719316176350|0|statement|insert into projet (nom_projet) values ('string')
1719316176354|0|statement|insert into etudiant_projet (etudiant_id,projet_id) values (64,64)
1719316176355|0|commit|
1719316176855|0|statement|insert into adresse (code_postal,complement_adresse,ville) values (0,'string','string')
1719316176855|0|statement|insert into ecole (adresse_id,domaine_ecole,nom_ecole) values (65,'string','premier')
1719316176856|0|statement|insert into etudiant (ecole_id,nom,prenom) values (65,'string','string')
1719316176856|0|statement|insert into projet (nom_projet) values ('string')
1719316176857|0|statement|insert into etudiant_projet (etudiant_id,projet_id) values (65,65)
1719316176857|0|commit|
1719316177402|0|statement|insert into adresse (code_postal,complement_adresse,ville) values (0,'string','string')
1719316177403|0|statement|insert into ecole (adresse_id,domaine_ecole,nom_ecole) values (66,'string','premier')
1719316177403|0|statement|insert into etudiant (ecole_id,nom,prenom) values (66,'string','string')
1719316177404|0|statement|insert into projet (nom_projet) values ('string')
1719316177405|0|statement|insert into etudiant_projet (etudiant_id,projet_id) values (66,66)
1719316177406|0|commit|
1719316177887|0|statement|insert into adresse (code_postal,complement_adresse,ville) values (0,'string','string')
1719316177887|0|statement|insert into ecole (adresse_id,domaine_ecole,nom_ecole) values (67,'string','premier')
1719316177888|0|statement|insert into etudiant (ecole_id,nom,prenom) values (67,'string','string')
1719316177889|0|statement|insert into projet (nom_projet) values ('string')
1719316177890|0|statement|insert into etudiant_projet (etudiant_id,projet_id) values (67,67)
1719316177891|0|commit|
1719316178357|0|statement|insert into adresse (code_postal,complement_adresse,ville) values (0,'string','string')
1719316178357|0|statement|insert into ecole (adresse_id,domaine_ecole,nom_ecole) values (68,'string','premier')
1719316178358|0|statement|insert into etudiant (ecole_id,nom,prenom) values (68,'string','string')
1719316178358|0|statement|insert into projet (nom_projet) values ('string')
1719316178359|0|statement|insert into etudiant_projet (etudiant_id,projet_id) values (68,68)
1719316178359|0|commit|
1719316178803|0|statement|insert into adresse (code_postal,complement_adresse,ville) values (0,'string','string')
1719316178803|0|statement|insert into ecole (adresse_id,domaine_ecole,nom_ecole) values (69,'string','premier')
1719316178804|0|statement|insert into etudiant (ecole_id,nom,prenom) values (69,'string','string')
1719316178804|0|statement|insert into projet (nom_projet) values ('string')
1719316178805|0|statement|insert into etudiant_projet (etudiant_id,projet_id) values (69,69)
1719316178806|0|commit|
1719316179316|0|statement|insert into adresse (code_postal,complement_adresse,ville) values (0,'string','string')
1719316179318|0|statement|insert into ecole (adresse_id,domaine_ecole,nom_ecole) values (70,'string','premier')
1719316179318|0|statement|insert into etudiant (ecole_id,nom,prenom) values (70,'string','string')
1719316179319|0|statement|insert into projet (nom_projet) values ('string')
1719316179320|0|statement|insert into etudiant_projet (etudiant_id,projet_id) values (70,70)
1719316179320|0|commit|
1719316179931|0|statement|insert into adresse (code_postal,complement_adresse,ville) values (0,'string','string')
1719316179932|0|statement|insert into ecole (adresse_id,domaine_ecole,nom_ecole) values (71,'string','premier')
1719316179932|0|statement|insert into etudiant (ecole_id,nom,prenom) values (71,'string','string')
1719316179933|0|statement|insert into projet (nom_projet) values ('string')
1719316179934|0|statement|insert into etudiant_projet (etudiant_id,projet_id) values (71,71)
1719316179934|0|commit|
1719316180624|0|statement|insert into adresse (code_postal,complement_adresse,ville) values (0,'string','string')
1719316180625|0|statement|insert into ecole (adresse_id,domaine_ecole,nom_ecole) values (72,'string','premier')
1719316180625|0|statement|insert into etudiant (ecole_id,nom,prenom) values (72,'string','string')
1719316180626|0|statement|insert into projet (nom_projet) values ('string')
1719316180626|0|statement|insert into etudiant_projet (etudiant_id,projet_id) values (72,72)
1719316180627|0|commit|
1719316181151|0|statement|insert into adresse (code_postal,complement_adresse,ville) values (0,'string','string')
1719316181152|0|statement|insert into ecole (adresse_id,domaine_ecole,nom_ecole) values (73,'string','premier')
1719316181153|0|statement|insert into etudiant (ecole_id,nom,prenom) values (73,'string','string')
1719316181153|0|statement|insert into projet (nom_projet) values ('string')
1719316181154|0|statement|insert into etudiant_projet (etudiant_id,projet_id) values (73,73)
1719316181155|0|commit|
1719316181576|0|statement|insert into adresse (code_postal,complement_adresse,ville) values (0,'string','string')
1719316181577|0|statement|insert into ecole (adresse_id,domaine_ecole,nom_ecole) values (74,'string','premier')
1719316181577|0|statement|insert into etudiant (ecole_id,nom,prenom) values (74,'string','string')
1719316181578|0|statement|insert into projet (nom_projet) values ('string')
1719316181579|0|statement|insert into etudiant_projet (etudiant_id,projet_id) values (74,74)
1719316181579|0|commit|
1719316182068|0|statement|insert into adresse (code_postal,complement_adresse,ville) values (0,'string','string')
1719316182069|0|statement|insert into ecole (adresse_id,domaine_ecole,nom_ecole) values (75,'string','premier')
1719316182069|0|statement|insert into etudiant (ecole_id,nom,prenom) values (75,'string','string')
1719316182070|0|statement|insert into projet (nom_projet) values ('string')
1719316182070|0|statement|insert into etudiant_projet (etudiant_id,projet_id) values (75,75)
1719316182071|0|commit|
1719316182491|0|statement|insert into adresse (code_postal,complement_adresse,ville) values (0,'string','string')
1719316182491|0|statement|insert into ecole (adresse_id,domaine_ecole,nom_ecole) values (76,'string','premier')
1719316182492|0|statement|insert into etudiant (ecole_id,nom,prenom) values (76,'string','string')
1719316182492|0|statement|insert into projet (nom_projet) values ('string')
1719316182493|0|statement|insert into etudiant_projet (etudiant_id,projet_id) values (76,76)
1719316182493|0|commit|
1719316183002|0|statement|insert into adresse (code_postal,complement_adresse,ville) values (0,'string','string')
1719316183003|0|statement|insert into ecole (adresse_id,domaine_ecole,nom_ecole) values (77,'string','premier')
1719316183003|0|statement|insert into etudiant (ecole_id,nom,prenom) values (77,'string','string')
1719316183003|0|statement|insert into projet (nom_projet) values ('string')
1719316183004|0|statement|insert into etudiant_projet (etudiant_id,projet_id) values (77,77)
1719316183005|0|commit|
1719316183428|0|statement|insert into adresse (code_postal,complement_adresse,ville) values (0,'string','string')
1719316183429|0|statement|insert into ecole (adresse_id,domaine_ecole,nom_ecole) values (78,'string','premier')
1719316183429|0|statement|insert into etudiant (ecole_id,nom,prenom) values (78,'string','string')
1719316183429|0|statement|insert into projet (nom_projet) values ('string')
1719316183430|0|statement|insert into etudiant_projet (etudiant_id,projet_id) values (78,78)
1719316183431|0|commit|
1719316183867|0|statement|insert into adresse (code_postal,complement_adresse,ville) values (0,'string','string')
1719316183868|0|statement|insert into ecole (adresse_id,domaine_ecole,nom_ecole) values (79,'string','premier')
1719316183869|0|statement|insert into etudiant (ecole_id,nom,prenom) values (79,'string','string')
1719316183869|0|statement|insert into projet (nom_projet) values ('string')
1719316183870|0|statement|insert into etudiant_projet (etudiant_id,projet_id) values (79,79)
1719316183870|0|commit|
1719316184265|0|statement|insert into adresse (code_postal,complement_adresse,ville) values (0,'string','string')
1719316184266|0|statement|insert into ecole (adresse_id,domaine_ecole,nom_ecole) values (80,'string','premier')
1719316184267|0|statement|insert into etudiant (ecole_id,nom,prenom) values (80,'string','string')
1719316184267|0|statement|insert into projet (nom_projet) values ('string')
1719316184269|0|statement|insert into etudiant_projet (etudiant_id,projet_id) values (80,80)
1719316184269|0|commit|
1719316184710|0|statement|insert into adresse (code_postal,complement_adresse,ville) values (0,'string','string')
1719316184711|0|statement|insert into ecole (adresse_id,domaine_ecole,nom_ecole) values (81,'string','premier')
1719316184711|0|statement|insert into etudiant (ecole_id,nom,prenom) values (81,'string','string')
1719316184712|0|statement|insert into projet (nom_projet) values ('string')
1719316184713|0|statement|insert into etudiant_projet (etudiant_id,projet_id) values (81,81)
1719316184713|0|commit|
1719316185176|0|statement|insert into adresse (code_postal,complement_adresse,ville) values (0,'string','string')
1719316185177|0|statement|insert into ecole (adresse_id,domaine_ecole,nom_ecole) values (82,'string','premier')
1719316185177|0|statement|insert into etudiant (ecole_id,nom,prenom) values (82,'string','string')
1719316185178|0|statement|insert into projet (nom_projet) values ('string')
1719316185179|0|statement|insert into etudiant_projet (etudiant_id,projet_id) values (82,82)
1719316185180|0|commit|
1719316185587|0|statement|insert into adresse (code_postal,complement_adresse,ville) values (0,'string','string')
1719316185587|0|statement|insert into ecole (adresse_id,domaine_ecole,nom_ecole) values (83,'string','premier')
1719316185588|0|statement|insert into etudiant (ecole_id,nom,prenom) values (83,'string','string')
1719316185588|0|statement|insert into projet (nom_projet) values ('string')
1719316185589|0|statement|insert into etudiant_projet (etudiant_id,projet_id) values (83,83)
1719316185589|0|commit|
1719316186018|0|statement|insert into adresse (code_postal,complement_adresse,ville) values (0,'string','string')
1719316186020|0|statement|insert into ecole (adresse_id,domaine_ecole,nom_ecole) values (84,'string','premier')
1719316186020|0|statement|insert into etudiant (ecole_id,nom,prenom) values (84,'string','string')
1719316186020|0|statement|insert into projet (nom_projet) values ('string')
1719316186021|0|statement|insert into etudiant_projet (etudiant_id,projet_id) values (84,84)
1719316186021|0|commit|
1719316186589|0|statement|insert into adresse (code_postal,complement_adresse,ville) values (0,'string','string')
1719316186589|0|statement|insert into ecole (adresse_id,domaine_ecole,nom_ecole) values (85,'string','premier')
1719316186590|0|statement|insert into etudiant (ecole_id,nom,prenom) values (85,'string','string')
1719316186590|0|statement|insert into projet (nom_projet) values ('string')
1719316186591|0|statement|insert into etudiant_projet (etudiant_id,projet_id) values (85,85)
1719316186592|0|commit|
1719316186967|0|statement|insert into adresse (code_postal,complement_adresse,ville) values (0,'string','string')
1719316186968|0|statement|insert into ecole (adresse_id,domaine_ecole,nom_ecole) values (86,'string','premier')
1719316186968|0|statement|insert into etudiant (ecole_id,nom,prenom) values (86,'string','string')
1719316186968|0|statement|insert into projet (nom_projet) values ('string')
1719316186969|0|statement|insert into etudiant_projet (etudiant_id,projet_id) values (86,86)
1719316186970|0|commit|
1719316187336|0|statement|insert into adresse (code_postal,complement_adresse,ville) values (0,'string','string')
1719316187336|0|statement|insert into ecole (adresse_id,domaine_ecole,nom_ecole) values (87,'string','premier')
1719316187337|0|statement|insert into etudiant (ecole_id,nom,prenom) values (87,'string','string')
1719316187337|0|statement|insert into projet (nom_projet) values ('string')
1719316187338|0|statement|insert into etudiant_projet (etudiant_id,projet_id) values (87,87)
1719316187339|0|commit|
1719316187730|0|statement|insert into adresse (code_postal,complement_adresse,ville) values (0,'string','string')
1719316187731|0|statement|insert into ecole (adresse_id,domaine_ecole,nom_ecole) values (88,'string','premier')
1719316187731|0|statement|insert into etudiant (ecole_id,nom,prenom) values (88,'string','string')
1719316187732|0|statement|insert into projet (nom_projet) values ('string')
1719316187733|0|statement|insert into etudiant_projet (etudiant_id,projet_id) values (88,88)
1719316187734|0|commit|
1719316188108|0|statement|insert into adresse (code_postal,complement_adresse,ville) values (0,'string','string')
1719316188108|0|statement|insert into ecole (adresse_id,domaine_ecole,nom_ecole) values (89,'string','premier')
1719316188109|0|statement|insert into etudiant (ecole_id,nom,prenom) values (89,'string','string')
1719316188109|0|statement|insert into projet (nom_projet) values ('string')
1719316188110|0|statement|insert into etudiant_projet (etudiant_id,projet_id) values (89,89)
1719316188110|0|commit|
1719316188541|0|statement|insert into adresse (code_postal,complement_adresse,ville) values (0,'string','string')
1719316188542|0|statement|insert into ecole (adresse_id,domaine_ecole,nom_ecole) values (90,'string','premier')
1719316188542|0|statement|insert into etudiant (ecole_id,nom,prenom) values (90,'string','string')
1719316188543|0|statement|insert into projet (nom_projet) values ('string')
1719316188544|0|statement|insert into etudiant_projet (etudiant_id,projet_id) values (90,90)
1719316188545|0|commit|
1719316188958|0|statement|insert into adresse (code_postal,complement_adresse,ville) values (0,'string','string')
1719316188958|0|statement|insert into ecole (adresse_id,domaine_ecole,nom_ecole) values (91,'string','premier')
1719316188959|0|statement|insert into etudiant (ecole_id,nom,prenom) values (91,'string','string')
1719316188959|0|statement|insert into projet (nom_projet) values ('string')
1719316188960|0|statement|insert into etudiant_projet (etudiant_id,projet_id) values (91,91)
1719316188961|0|commit|
1719316189378|0|statement|insert into adresse (code_postal,complement_adresse,ville) values (0,'string','string')
1719316189379|0|statement|insert into ecole (adresse_id,domaine_ecole,nom_ecole) values (92,'string','premier')
1719316189379|0|statement|insert into etudiant (ecole_id,nom,prenom) values (92,'string','string')
1719316189379|0|statement|insert into projet (nom_projet) values ('string')
1719316189380|0|statement|insert into etudiant_projet (etudiant_id,projet_id) values (92,92)
1719316189381|0|commit|
1719316189803|0|statement|insert into adresse (code_postal,complement_adresse,ville) values (0,'string','string')
1719316189804|0|statement|insert into ecole (adresse_id,domaine_ecole,nom_ecole) values (93,'string','premier')
1719316189804|0|statement|insert into etudiant (ecole_id,nom,prenom) values (93,'string','string')
1719316189805|0|statement|insert into projet (nom_projet) values ('string')
1719316189805|0|statement|insert into etudiant_projet (etudiant_id,projet_id) values (93,93)
1719316189806|0|commit|
1719316190268|0|statement|insert into adresse (code_postal,complement_adresse,ville) values (0,'string','string')
1719316190269|0|statement|insert into ecole (adresse_id,domaine_ecole,nom_ecole) values (94,'string','premier')
1719316190269|0|statement|insert into etudiant (ecole_id,nom,prenom) values (94,'string','string')
1719316190269|0|statement|insert into projet (nom_projet) values ('string')
1719316190270|0|statement|insert into etudiant_projet (etudiant_id,projet_id) values (94,94)
1719316190272|0|commit|
1719316190683|0|statement|insert into adresse (code_postal,complement_adresse,ville) values (0,'string','string')
1719316190684|0|statement|insert into ecole (adresse_id,domaine_ecole,nom_ecole) values (95,'string','premier')
1719316190686|0|statement|insert into etudiant (ecole_id,nom,prenom) values (95,'string','string')
1719316190686|0|statement|insert into projet (nom_projet) values ('string')
1719316190687|0|statement|insert into etudiant_projet (etudiant_id,projet_id) values (95,95)
1719316190688|0|commit|
1719316191185|0|statement|insert into adresse (code_postal,complement_adresse,ville) values (0,'string','string')
1719316191186|0|statement|insert into ecole (adresse_id,domaine_ecole,nom_ecole) values (96,'string','premier')
1719316191187|0|statement|insert into etudiant (ecole_id,nom,prenom) values (96,'string','string')
1719316191188|0|statement|insert into projet (nom_projet) values ('string')
1719316191189|0|statement|insert into etudiant_projet (etudiant_id,projet_id) values (96,96)
1719316191189|0|commit|
1719316191581|0|statement|insert into adresse (code_postal,complement_adresse,ville) values (0,'string','string')
1719316191582|0|statement|insert into ecole (adresse_id,domaine_ecole,nom_ecole) values (97,'string','premier')
1719316191582|0|statement|insert into etudiant (ecole_id,nom,prenom) values (97,'string','string')
1719316191584|0|statement|insert into projet (nom_projet) values ('string')
1719316191585|0|statement|insert into etudiant_projet (etudiant_id,projet_id) values (97,97)
1719316191586|0|commit|
1719316191999|0|statement|insert into adresse (code_postal,complement_adresse,ville) values (0,'string','string')
1719316192001|0|statement|insert into ecole (adresse_id,domaine_ecole,nom_ecole) values (98,'string','premier')
1719316192001|0|statement|insert into etudiant (ecole_id,nom,prenom) values (98,'string','string')
1719316192001|0|statement|insert into projet (nom_projet) values ('string')
1719316192002|0|statement|insert into etudiant_projet (etudiant_id,projet_id) values (98,98)
1719316192002|0|commit|
1719316192413|0|statement|insert into adresse (code_postal,complement_adresse,ville) values (0,'string','string')
1719316192414|0|statement|insert into ecole (adresse_id,domaine_ecole,nom_ecole) values (99,'string','premier')
1719316192415|0|statement|insert into etudiant (ecole_id,nom,prenom) values (99,'string','string')
1719316192415|0|statement|insert into projet (nom_projet) values ('string')
1719316192416|0|statement|insert into etudiant_projet (etudiant_id,projet_id) values (99,99)
1719316192417|0|commit|
1719316192789|0|statement|insert into adresse (code_postal,complement_adresse,ville) values (0,'string','string')
1719316192790|0|statement|insert into ecole (adresse_id,domaine_ecole,nom_ecole) values (100,'string','premier')
1719316192790|0|statement|insert into etudiant (ecole_id,nom,prenom) values (100,'string','string')
1719316192791|0|statement|insert into projet (nom_projet) values ('string')
1719316192791|0|statement|insert into etudiant_projet (etudiant_id,projet_id) values (100,100)
1719316192792|0|commit|
1719316193357|0|statement|insert into adresse (code_postal,complement_adresse,ville) values (0,'string','string')
1719316193358|0|statement|insert into ecole (adresse_id,domaine_ecole,nom_ecole) values (101,'string','premier')
1719316193359|0|statement|insert into etudiant (ecole_id,nom,prenom) values (101,'string','string')
1719316193360|0|statement|insert into projet (nom_projet) values ('string')
1719316193361|0|statement|insert into etudiant_projet (etudiant_id,projet_id) values (101,101)
1719316193361|0|commit|
